INFO:     Will watch for changes in these directories: ['C:\\Users\\deba_pc.com\\OneDrive\\Desktop\\New folder (2)\\video-watermark-ai']
INFO:     Uvicorn running on http://127.0.0.1:8000 (Press CTRL+C to quit)
INFO:     Started reloader process [9688] using WatchFiles
INFO:     Started server process [5348]
INFO:     Waiting for application startup.
INFO:     Application startup complete.
WARNING:  WatchFiles detected changes in 'backend\app\api\health.py', 'workers\celery_app.py'. Reloading...
INFO:     Shutting down
INFO:     Waiting for connections to close. (CTRL+C to force quit)
INFO:     Waiting for background tasks to complete. (CTRL+C to force quit)
INFO:     Waiting for application shutdown.
INFO:     Application shutdown complete.
INFO:     Finished server process [5348]
INFO:     Started server process [1856]
INFO:     Waiting for application startup.
INFO:     Application startup complete.
WARNING:  WatchFiles detected changes in 'backend\app\api\health.py', 'workers\celery_app.py'. Reloading...
INFO:     Shutting down
INFO:     Waiting for connections to close. (CTRL+C to force quit)
INFO:     Waiting for background tasks to complete. (CTRL+C to force quit)
INFO:     Waiting for application shutdown.
INFO:     Application shutdown complete.
INFO:     Finished server process [1856]
INFO:     Started server process [1056]
INFO:     Waiting for application startup.
INFO:     Application startup complete.
WARNING:  WatchFiles detected changes in 'workers\celery_app.py'. Reloading...
INFO:     Shutting down
INFO:     Waiting for application shutdown.
INFO:     Application shutdown complete.
INFO:     Finished server process [1056]
INFO:     Started server process [8996]
INFO:     Waiting for application startup.
INFO:     Application startup complete.
WARNING:  WatchFiles detected changes in 'workers\celery_app.py'. Reloading...
INFO:     Shutting down
INFO:     Waiting for connections to close. (CTRL+C to force quit)
INFO:     Waiting for application shutdown.
INFO:     Application shutdown complete.
INFO:     Finished server process [8996]
INFO:     Started server process [2312]
INFO:     Waiting for application startup.
INFO:     Application startup complete.
WARNING:  WatchFiles detected changes in 'backend\app\api\health.py'. Reloading...
INFO:     Shutting down
INFO:     Waiting for connections to close. (CTRL+C to force quit)
INFO:     Waiting for application shutdown.
INFO:     Application shutdown complete.
INFO:     Finished server process [2312]
INFO:     Started server process [1212]
INFO:     Waiting for application startup.
INFO:     Application startup complete.
ERROR:    Exception in ASGI application
Traceback (most recent call last):
  File "C:\Users\deba_pc.com\OneDrive\Desktop\New folder (2)\video-watermark-ai\backend\.venv\Lib\site-packages\kombu\utils\functional.py", line 32, in __call__
    return self.__value__
           ^^^^^^^^^^^^^^
AttributeError: 'ChannelPromise' object has no attribute '__value__'

During handling of the above exception, another exception occurred:

Traceback (most recent call last):
  File "C:\Users\deba_pc.com\OneDrive\Desktop\New folder (2)\video-watermark-ai\backend\.venv\Lib\site-packages\kombu\connection.py", line 474, in _reraise_as_library_errors
    yield
  File "C:\Users\deba_pc.com\OneDrive\Desktop\New folder (2)\video-watermark-ai\backend\.venv\Lib\site-packages\kombu\connection.py", line 461, in _ensure_connection
    return retry_over_time(
           ^^^^^^^^^^^^^^^^
  File "C:\Users\deba_pc.com\OneDrive\Desktop\New folder (2)\video-watermark-ai\backend\.venv\Lib\site-packages\kombu\utils\functional.py", line 318, in retry_over_time
    return fun(*args, **kwargs)
           ^^^^^^^^^^^^^^^^^^^^
  File "C:\Users\deba_pc.com\OneDrive\Desktop\New folder (2)\video-watermark-ai\backend\.venv\Lib\site-packages\kombu\connection.py", line 941, in _connection_factory
    self._connection = self._establish_connection()
                       ^^^^^^^^^^^^^^^^^^^^^^^^^^^^
  File "C:\Users\deba_pc.com\OneDrive\Desktop\New folder (2)\video-watermark-ai\backend\.venv\Lib\site-packages\kombu\connection.py", line 863, in _establish_connection
    conn = self.transport.establish_connection()
           ^^^^^^^^^^^^^^^^^^^^^^^^^^^^^^^^^^^^^
  File "C:\Users\deba_pc.com\OneDrive\Desktop\New folder (2)\video-watermark-ai\backend\.venv\Lib\site-packages\kombu\transport\pyamqp.py", line 203, in establish_connection
    conn.connect()
  File "C:\Users\deba_pc.com\OneDrive\Desktop\New folder (2)\video-watermark-ai\backend\.venv\Lib\site-packages\amqp\connection.py", line 324, in connect
    self.transport.connect()
  File "C:\Users\deba_pc.com\OneDrive\Desktop\New folder (2)\video-watermark-ai\backend\.venv\Lib\site-packages\amqp\transport.py", line 132, in connect
    self._connect(self.host, self.port, self.connect_timeout)
  File "C:\Users\deba_pc.com\OneDrive\Desktop\New folder (2)\video-watermark-ai\backend\.venv\Lib\site-packages\amqp\transport.py", line 187, in _connect
    self.sock.connect(sa)
ConnectionRefusedError: [WinError 10061] No connection could be made because the target machine actively refused it

The above exception was the direct cause of the following exception:

Traceback (most recent call last):
  File "C:\Users\deba_pc.com\OneDrive\Desktop\New folder (2)\video-watermark-ai\backend\.venv\Lib\site-packages\uvicorn\protocols\http\httptools_impl.py", line 422, in run_asgi
    result = await app(  # type: ignore[func-returns-value]
             ^^^^^^^^^^^^^^^^^^^^^^^^^^^^^^^^^^^^^^^^^^^^^^
  File "C:\Users\deba_pc.com\OneDrive\Desktop\New folder (2)\video-watermark-ai\backend\.venv\Lib\site-packages\uvicorn\middleware\proxy_headers.py", line 63, in __call__
    return await self.app(scope, receive, send)
           ^^^^^^^^^^^^^^^^^^^^^^^^^^^^^^^^^^^^
  File "C:\Users\deba_pc.com\OneDrive\Desktop\New folder (2)\video-watermark-ai\backend\.venv\Lib\site-packages\fastapi\applications.py", line 1163, in __call__
    await super().__call__(scope, receive, send)
  File "C:\Users\deba_pc.com\OneDrive\Desktop\New folder (2)\video-watermark-ai\backend\.venv\Lib\site-packages\starlette\applications.py", line 90, in __call__
    await self.middleware_stack(scope, receive, send)
  File "C:\Users\deba_pc.com\OneDrive\Desktop\New folder (2)\video-watermark-ai\backend\.venv\Lib\site-packages\starlette\middleware\errors.py", line 186, in __call__
    raise exc
  File "C:\Users\deba_pc.com\OneDrive\Desktop\New folder (2)\video-watermark-ai\backend\.venv\Lib\site-packages\starlette\middleware\errors.py", line 164, in __call__
    await self.app(scope, receive, _send)
  File "C:\Users\deba_pc.com\OneDrive\Desktop\New folder (2)\video-watermark-ai\backend\.venv\Lib\site-packages\starlette\middleware\base.py", line 193, in __call__
    response = await self.dispatch_func(request, call_next)
               ^^^^^^^^^^^^^^^^^^^^^^^^^^^^^^^^^^^^^^^^^^^^
  File "C:\Users\deba_pc.com\OneDrive\Desktop\New folder (2)\video-watermark-ai\backend\.venv\Lib\site-packages\slowapi\middleware.py", line 128, in dispatch
    return await call_next(request)
           ^^^^^^^^^^^^^^^^^^^^^^^^
  File "C:\Users\deba_pc.com\OneDrive\Desktop\New folder (2)\video-watermark-ai\backend\.venv\Lib\site-packages\starlette\middleware\base.py", line 168, in call_next
    raise app_exc from app_exc.__cause__ or app_exc.__context__
  File "C:\Users\deba_pc.com\OneDrive\Desktop\New folder (2)\video-watermark-ai\backend\.venv\Lib\site-packages\starlette\middleware\base.py", line 144, in coro
    await self.app(scope, receive_or_disconnect, send_no_error)
  File "C:\Users\deba_pc.com\OneDrive\Desktop\New folder (2)\video-watermark-ai\backend\.venv\Lib\site-packages\starlette\middleware\base.py", line 193, in __call__
    response = await self.dispatch_func(request, call_next)
               ^^^^^^^^^^^^^^^^^^^^^^^^^^^^^^^^^^^^^^^^^^^^
  File "C:\Users\deba_pc.com\OneDrive\Desktop\New folder (2)\video-watermark-ai\backend\app\main.py", line 48, in dispatch
    response = await call_next(request)
               ^^^^^^^^^^^^^^^^^^^^^^^^
  File "C:\Users\deba_pc.com\OneDrive\Desktop\New folder (2)\video-watermark-ai\backend\.venv\Lib\site-packages\starlette\middleware\base.py", line 168, in call_next
    raise app_exc from app_exc.__cause__ or app_exc.__context__
  File "C:\Users\deba_pc.com\OneDrive\Desktop\New folder (2)\video-watermark-ai\backend\.venv\Lib\site-packages\starlette\middleware\base.py", line 144, in coro
    await self.app(scope, receive_or_disconnect, send_no_error)
  File "C:\Users\deba_pc.com\OneDrive\Desktop\New folder (2)\video-watermark-ai\backend\.venv\Lib\site-packages\starlette\middleware\cors.py", line 96, in __call__
    await self.simple_response(scope, receive, send, request_headers=headers)
  File "C:\Users\deba_pc.com\OneDrive\Desktop\New folder (2)\video-watermark-ai\backend\.venv\Lib\site-packages\starlette\middleware\cors.py", line 154, in simple_response
    await self.app(scope, receive, send)
  File "C:\Users\deba_pc.com\OneDrive\Desktop\New folder (2)\video-watermark-ai\backend\.venv\Lib\site-packages\starlette\middleware\exceptions.py", line 63, in __call__
    await wrap_app_handling_exceptions(self.app, conn)(scope, receive, send)
  File "C:\Users\deba_pc.com\OneDrive\Desktop\New folder (2)\video-watermark-ai\backend\.venv\Lib\site-packages\starlette\_exception_handler.py", line 53, in wrapped_app
    raise exc
  File "C:\Users\deba_pc.com\OneDrive\Desktop\New folder (2)\video-watermark-ai\backend\.venv\Lib\site-packages\starlette\_exception_handler.py", line 42, in wrapped_app
    await app(scope, receive, sender)
  File "C:\Users\deba_pc.com\OneDrive\Desktop\New folder (2)\video-watermark-ai\backend\.venv\Lib\site-packages\fastapi\middleware\asyncexitstack.py", line 18, in __call__
    await self.app(scope, receive, send)
  File "C:\Users\deba_pc.com\OneDrive\Desktop\New folder (2)\video-watermark-ai\backend\.venv\Lib\site-packages\starlette\routing.py", line 660, in __call__
    await self.middleware_stack(scope, receive, send)
  File "C:\Users\deba_pc.com\OneDrive\Desktop\New folder (2)\video-watermark-ai\backend\.venv\Lib\site-packages\fastapi\routing.py", line 2683, in app
    await route.handle(scope, receive, send)
  File "C:\Users\deba_pc.com\OneDrive\Desktop\New folder (2)\video-watermark-ai\backend\.venv\Lib\site-packages\fastapi\routing.py", line 1753, in handle
    await self.original_router.handle(scope, receive, send)
  File "C:\Users\deba_pc.com\OneDrive\Desktop\New folder (2)\video-watermark-ai\backend\.venv\Lib\site-packages\fastapi\routing.py", line 2738, in handle
    await included_router._handle_selected(scope, receive, send)
  File "C:\Users\deba_pc.com\OneDrive\Desktop\New folder (2)\video-watermark-ai\backend\.venv\Lib\site-packages\fastapi\routing.py", line 1773, in _handle_selected
    await original_route.handle(scope, receive, send)
  File "C:\Users\deba_pc.com\OneDrive\Desktop\New folder (2)\video-watermark-ai\backend\.venv\Lib\site-packages\fastapi\routing.py", line 1264, in handle
    await app(scope, receive, send)
  File "C:\Users\deba_pc.com\OneDrive\Desktop\New folder (2)\video-watermark-ai\backend\.venv\Lib\site-packages\fastapi\routing.py", line 150, in app
    await wrap_app_handling_exceptions(app, request)(scope, receive, send)
  File "C:\Users\deba_pc.com\OneDrive\Desktop\New folder (2)\video-watermark-ai\backend\.venv\Lib\site-packages\starlette\_exception_handler.py", line 53, in wrapped_app
    raise exc
  File "C:\Users\deba_pc.com\OneDrive\Desktop\New folder (2)\video-watermark-ai\backend\.venv\Lib\site-packages\starlette\_exception_handler.py", line 42, in wrapped_app
    await app(scope, receive, sender)
  File "C:\Users\deba_pc.com\OneDrive\Desktop\New folder (2)\video-watermark-ai\backend\.venv\Lib\site-packages\fastapi\routing.py", line 136, in app
    response = await f(request)
               ^^^^^^^^^^^^^^^^
  File "C:\Users\deba_pc.com\OneDrive\Desktop\New folder (2)\video-watermark-ai\backend\.venv\Lib\site-packages\fastapi\routing.py", line 690, in app
    raw_response = await run_endpoint_function(
                   ^^^^^^^^^^^^^^^^^^^^^^^^^^^^
  File "C:\Users\deba_pc.com\OneDrive\Desktop\New folder (2)\video-watermark-ai\backend\.venv\Lib\site-packages\fastapi\routing.py", line 346, in run_endpoint_function
    return await run_in_threadpool(dependant.call, **values)
           ^^^^^^^^^^^^^^^^^^^^^^^^^^^^^^^^^^^^^^^^^^^^^^^^^
  File "C:\Users\deba_pc.com\OneDrive\Desktop\New folder (2)\video-watermark-ai\backend\.venv\Lib\site-packages\starlette\concurrency.py", line 34, in run_in_threadpool
    return await anyio.to_thread.run_sync(func)
           ^^^^^^^^^^^^^^^^^^^^^^^^^^^^^^^^^^^^
  File "C:\Users\deba_pc.com\OneDrive\Desktop\New folder (2)\video-watermark-ai\backend\.venv\Lib\site-packages\anyio\to_thread.py", line 65, in run_sync
    return await get_async_backend().run_sync_in_worker_thread(
           ^^^^^^^^^^^^^^^^^^^^^^^^^^^^^^^^^^^^^^^^^^^^^^^^^^^^
  File "C:\Users\deba_pc.com\OneDrive\Desktop\New folder (2)\video-watermark-ai\backend\.venv\Lib\site-packages\anyio\_backends\_asyncio.py", line 2641, in run_sync_in_worker_thread
    return await future
           ^^^^^^^^^^^^
  File "C:\Users\deba_pc.com\OneDrive\Desktop\New folder (2)\video-watermark-ai\backend\.venv\Lib\site-packages\anyio\_backends\_asyncio.py", line 1033, in run
    result = context.run(func, *args)
             ^^^^^^^^^^^^^^^^^^^^^^^^
  File "C:\Users\deba_pc.com\OneDrive\Desktop\New folder (2)\video-watermark-ai\backend\app\api\detection.py", line 106, in enqueue_analyze
    analyze_video.apply_async(args=(job.id, p.id), queue="detection")
  File "C:\Users\deba_pc.com\OneDrive\Desktop\New folder (2)\video-watermark-ai\backend\.venv\Lib\site-packages\celery\app\task.py", line 627, in apply_async
    return app.send_task(
           ^^^^^^^^^^^^^^
  File "C:\Users\deba_pc.com\OneDrive\Desktop\New folder (2)\video-watermark-ai\backend\.venv\Lib\site-packages\celery\app\base.py", line 969, in send_task
    amqp.send_task_message(P, name, message, **options)
  File "C:\Users\deba_pc.com\OneDrive\Desktop\New folder (2)\video-watermark-ai\backend\.venv\Lib\site-packages\celery\app\amqp.py", line 559, in send_task_message
    ret = producer.publish(
          ^^^^^^^^^^^^^^^^^
  File "C:\Users\deba_pc.com\OneDrive\Desktop\New folder (2)\video-watermark-ai\backend\.venv\Lib\site-packages\kombu\messaging.py", line 190, in publish
    return _publish(
           ^^^^^^^^^
  File "C:\Users\deba_pc.com\OneDrive\Desktop\New folder (2)\video-watermark-ai\backend\.venv\Lib\site-packages\kombu\connection.py", line 558, in _ensured
    return fun(*args, **kwargs)
           ^^^^^^^^^^^^^^^^^^^^
  File "C:\Users\deba_pc.com\OneDrive\Desktop\New folder (2)\video-watermark-ai\backend\.venv\Lib\site-packages\kombu\messaging.py", line 200, in _publish
    channel = self.channel
              ^^^^^^^^^^^^
  File "C:\Users\deba_pc.com\OneDrive\Desktop\New folder (2)\video-watermark-ai\backend\.venv\Lib\site-packages\kombu\messaging.py", line 224, in _get_channel
    channel = self._channel = channel()
                              ^^^^^^^^^
  File "C:\Users\deba_pc.com\OneDrive\Desktop\New folder (2)\video-watermark-ai\backend\.venv\Lib\site-packages\kombu\utils\functional.py", line 34, in __call__
    value = self.__value__ = self.__contract__()
                             ^^^^^^^^^^^^^^^^^^^
  File "C:\Users\deba_pc.com\OneDrive\Desktop\New folder (2)\video-watermark-ai\backend\.venv\Lib\site-packages\kombu\messaging.py", line 240, in <lambda>
    channel = ChannelPromise(lambda: connection.default_channel)
                                     ^^^^^^^^^^^^^^^^^^^^^^^^^^
  File "C:\Users\deba_pc.com\OneDrive\Desktop\New folder (2)\video-watermark-ai\backend\.venv\Lib\site-packages\kombu\connection.py", line 960, in default_channel
    self._ensure_connection(**conn_opts)
  File "C:\Users\deba_pc.com\OneDrive\Desktop\New folder (2)\video-watermark-ai\backend\.venv\Lib\site-packages\kombu\connection.py", line 460, in _ensure_connection
    with ctx():
  File "C:\Users\deba_pc.com\AppData\Local\Programs\Python\Python311\Lib\contextlib.py", line 158, in __exit__
    self.gen.throw(typ, value, traceback)
  File "C:\Users\deba_pc.com\OneDrive\Desktop\New folder (2)\video-watermark-ai\backend\.venv\Lib\site-packages\kombu\connection.py", line 478, in _reraise_as_library_errors
    raise ConnectionError(str(exc)) from exc
kombu.exceptions.OperationalError: [WinError 10061] No connection could be made because the target machine actively refused it
