
> vwa-frontend@0.1.0 dev
> next dev

  ▲ Next.js 14.2.5
  - Local:        http://localhost:3000

 ✓ Starting...
 ✓ Ready in 3.1s
 ○ Compiling / ...
 ✓ Compiled / in 9.8s (1429 modules)
 GET / 200 in 81ms
 GET / 200 in 72ms
 ○ Compiling /icon.svg ...
 ✓ Compiled /icon.svg in 702ms (751 modules)
 GET /icon.svg 200 in 830ms
 GET / 200 in 516ms
 ○ Compiling /_not-found ...
 ✓ Compiled /_not-found in 1210ms (1462 modules)
 GET /.well-known/appspecific/com.chrome.devtools.json 404 in 1374ms
 GET /_next/static/chunks/app/LayoutGroupContext.mjs.map 404 in 156ms
 GET /icon.svg?b0511cdd96efddde 200 in 65ms
 ✓ Compiled in 1783ms (1429 modules)
 GET / 200 in 206ms
 GET / 200 in 45ms
 ✓ Compiled /_not-found in 448ms (1418 modules)
 GET /.well-known/appspecific/com.chrome.devtools.json 404 in 566ms
 GET /_next/static/chunks/app/LayoutGroupContext.mjs.map 404 in 25ms
 ✓ Compiled /icon.svg in 378ms (752 modules)
 GET /icon.svg?b0511cdd96efddde 200 in 488ms
 GET / 200 in 166ms
 GET /.well-known/appspecific/com.chrome.devtools.json 404 in 62ms
 GET /_next/static/chunks/app/LayoutGroupContext.mjs.map 404 in 30ms
 GET /icon.svg?b0511cdd96efddde 200 in 13ms
 ✓ Compiled in 1284ms (1429 modules)
 GET / 200 in 208ms
 ✓ Compiled in 2.8s (1429 modules)
 GET / 200 in 270ms
 ○ Compiling /register ...
 ✓ Compiled /register in 2.3s (1611 modules)
 GET / 200 in 238ms
 ✓ Compiled in 1584ms (1625 modules)
 GET / 200 in 277ms
 GET / 200 in 68ms
 ○ Compiling /icon.svg ...
 ✓ Compiled /icon.svg in 930ms (889 modules)
 GET /icon.svg?b0511cdd96efddde 200 in 1051ms
